<?xml version="1.0" encoding="UTF-8"?>
<!-- Generated by org.testng.reporters.JUnitXMLReporter -->
<testsuite ignored="0" hostname="QWERTY" failures="1" tests="2" name="Test" time="0.097" errors="0" timestamp="2026-05-22T17:37:12 IST">
  <testcase classname="Listener_codes.Test_cases" name="test1" time="0.015"/>
  <testcase classname="Listener_codes.Test_cases" name="test2" time="0.009">
    <failure type="java.lang.AssertionError" message="null">
      <![CDATA[java.lang.AssertionError: null
at Listener_codes.Test_cases.test2(Test_cases.java:17)
at java.base/java.util.ArrayList.forEach(ArrayList.java:1596)
... Removed 27 stack frames]]>
    </failure>
  </testcase> <!-- test2 -->
</testsuite> <!-- Test -->
