<?xml version="1.0" encoding="UTF-8"?>
<!-- Generated by org.testng.reporters.JUnitReportReporter -->
<testsuite hostname="QWERTY" failures="0" tests="4" name="Testing_practice.CrossBrowser_Testing" time="21.269" errors="0" timestamp="2026-05-21T21:09:02 IST" skipped="0">
  <testcase classname="Testing_practice.CrossBrowser_Testing" name="chrometest" time="1.254"/>
  <testcase classname="Testing_practice.CrossBrowser_Testing" name="firefox" time="12.292"/>
  <testcase classname="Testing_practice.CrossBrowser_Testing" name="chrome" time="4.008"/>
  <testcase classname="Testing_practice.CrossBrowser_Testing" name="edge" time="3.715"/>
</testsuite> <!-- Testing_practice.CrossBrowser_Testing -->
