<?xml version="1.0" encoding="UTF-8"?>
<!-- Generated by org.testng.reporters.JUnitReportReporter -->
<testsuite hostname="QWERTY" failures="0" tests="4" name="Testing_practice.LoginValidation" time="41.463" errors="0" timestamp="2026-05-22T11:34:33 IST" skipped="0">
  <testcase classname="Testing_practice.LoginValidation" name="f" time="7.588"/>
  <testcase classname="Testing_practice.LoginValidation" name="f" time="7.926"/>
  <testcase classname="Testing_practice.LoginValidation" name="f" time="11.237"/>
  <testcase classname="Testing_practice.LoginValidation" name="f" time="14.712"/>
</testsuite> <!-- Testing_practice.LoginValidation -->
