<?xml version="1.0" encoding="UTF-8"?>
<!-- Generated by org.testng.reporters.JUnitReportReporter -->
<testsuite hostname="QWERTY" failures="0" tests="8" name="Testing_practice.assignment_23" time="27.644" errors="0" timestamp="2026-05-21T21:36:50 IST" skipped="0">
  <testcase classname="Testing_practice.assignment_23" name="login" time="3.395"/>
  <testcase classname="Testing_practice.assignment_23" name="search_product" time="3.076"/>
  <testcase classname="Testing_practice.assignment_23" name="product_details" time="3.065"/>
  <testcase classname="Testing_practice.assignment_23" name="image_zoom" time="3.175"/>
  <testcase classname="Testing_practice.assignment_23" name="add_to_cart_visibility" time="3.131"/>
  <testcase classname="Testing_practice.assignment_23" name="buy_button_visibility" time="3.150"/>
  <testcase classname="Testing_practice.assignment_23" name="checkout_button_visibility" time="3.117"/>
  <testcase classname="Testing_practice.assignment_23" name="checkout_information" time="5.535"/>
</testsuite> <!-- Testing_practice.assignment_23 -->
