<?xml version="1.0" encoding="UTF-8"?>
<!-- Generated by org.testng.reporters.JUnitReportReporter -->
<testsuite hostname="QWERTY" failures="0" tests="5" name="Testing_practice.Excel_Write" time="0.431" errors="0" timestamp="2026-05-22T16:32:23 IST" skipped="0">
  <testcase classname="Testing_practice.Excel_Write" name="writeExcel" time="0.036"/>
  <testcase classname="Testing_practice.Excel_Write" name="writeExcel" time="0.290"/>
  <testcase classname="Testing_practice.Excel_Write" name="writeExcel" time="0.042"/>
  <testcase classname="Testing_practice.Excel_Write" name="writeExcel" time="0.032"/>
  <testcase classname="Testing_practice.Excel_Write" name="writeExcel" time="0.031"/>
</testsuite> <!-- Testing_practice.Excel_Write -->
