<?xml version="1.0" encoding="UTF-8"?>
<!-- Generated by org.testng.reporters.JUnitReportReporter -->
<testsuite hostname="QWERTY" failures="0" tests="10" name="Testing_practice.Assignment_Test" time="145.532" errors="0" timestamp="2026-05-21T14:43:05 IST" skipped="0">
  <testcase classname="Testing_practice.Assignment_Test" name="validatesearch" time="13.593"/>
  <testcase classname="Testing_practice.Assignment_Test" name="validatesearch" time="13.305"/>
  <testcase classname="Testing_practice.Assignment_Test" name="validatesearch" time="13.947"/>
  <testcase classname="Testing_practice.Assignment_Test" name="validatesearch" time="14.383"/>
  <testcase classname="Testing_practice.Assignment_Test" name="validatesearch" time="17.461"/>
  <testcase classname="Testing_practice.Assignment_Test" name="validatesearch" time="15.672"/>
  <testcase classname="Testing_practice.Assignment_Test" name="validatesearch" time="14.196"/>
  <testcase classname="Testing_practice.Assignment_Test" name="validatesearch" time="12.205"/>
  <testcase classname="Testing_practice.Assignment_Test" name="validatesearch" time="15.629"/>
  <testcase classname="Testing_practice.Assignment_Test" name="validatesearch" time="15.141"/>
</testsuite> <!-- Testing_practice.Assignment_Test -->
