<?xml version="1.0" encoding="UTF-8"?>
<!-- Generated by org.testng.reporters.JUnitReportReporter -->
<testsuite hostname="QWERTY" failures="0" tests="4" name="Testing_practice.Excel_data" time="0.019" errors="0" timestamp="2026-05-22T13:09:10 IST" skipped="0">
  <testcase classname="Testing_practice.Excel_data" name="loginTest" time="0.015"/>
  <testcase classname="Testing_practice.Excel_data" name="loginTest" time="0.001"/>
  <testcase classname="Testing_practice.Excel_data" name="loginTest" time="0.001"/>
  <testcase classname="Testing_practice.Excel_data" name="loginTest" time="0.002"/>
</testsuite> <!-- Testing_practice.Excel_data -->
