<?xml version="1.0" encoding="UTF-8"?>
<!-- Generated by org.testng.reporters.JUnitReportReporter -->
<testsuite hostname="QWERTY" failures="0" tests="4" name="Testing_practice.Four" time="27.463" errors="0" timestamp="2026-05-20T17:07:49 IST" skipped="0">
  <testcase classname="Testing_practice.Four" name="add_to_cart" time="10.639"/>
  <testcase classname="Testing_practice.Four" name="multiple_search" time="5.956"/>
  <testcase classname="Testing_practice.Four" name="product_details" time="7.200"/>
  <testcase classname="Testing_practice.Four" name="login" time="3.668"/>
</testsuite> <!-- Testing_practice.Four -->
