<?xml version="1.0" encoding="UTF-8"?>
<!-- Generated by org.testng.reporters.JUnitReportReporter -->
<testsuite hostname="QWERTY" failures="0" tests="5" name="Testing_practice.Register_test" time="107.421" errors="0" timestamp="2026-05-21T14:23:28 IST" skipped="0">
  <testcase classname="Testing_practice.Register_test" name="registeruser" time="21.747"/>
  <testcase classname="Testing_practice.Register_test" name="registeruser" time="18.016"/>
  <testcase classname="Testing_practice.Register_test" name="registeruser" time="18.458"/>
  <testcase classname="Testing_practice.Register_test" name="registeruser" time="23.300"/>
  <testcase classname="Testing_practice.Register_test" name="registeruser" time="25.900"/>
</testsuite> <!-- Testing_practice.Register_test -->
