<?xml version="1.0" encoding="UTF-8"?>
<!-- Generated by org.testng.reporters.JUnitReportReporter -->
<testsuite hostname="QWERTY" failures="0" tests="4" name="Testing_practice.Tira_test" time="30.322" errors="0" timestamp="2026-05-22T12:01:44 IST" skipped="0">
  <testcase classname="Testing_practice.Tira_test" name="multiple_search" time="5.382"/>
  <testcase classname="Testing_practice.Tira_test" name="product_details" time="8.780"/>
  <testcase classname="Testing_practice.Tira_test" name="add_to_cart" time="7.617"/>
  <testcase classname="Testing_practice.Tira_test" name="login" time="8.543"/>
</testsuite> <!-- Testing_practice.Tira_test -->
