<?xml version="1.0" encoding="UTF-8"?>
<!-- Generated by org.testng.reporters.JUnitXMLReporter -->
<testsuite ignored="0" hostname="QWERTY" failures="0" tests="9" name="Default test" time="52.951" errors="0" timestamp="2026-05-26T22:06:50 IST">
  <testcase classname="Testing_practice.Third_test" name="login" time="3.71"/>
  <testcase classname="Testing_practice.Third_test" name="multiple_search" time="3.069"/>
  <testcase classname="Testing_practice.Third_test" name="left_menu_button" time="8.412"/>
  <testcase classname="Testing_practice.Third_test" name="filter_button" time="5.367"/>
  <testcase classname="Testing_practice.Third_test" name="add_to_cart" time="3.105"/>
  <testcase classname="Testing_practice.Third_test" name="product_details" time="3.194"/>
  <testcase classname="Testing_practice.Third_test" name="delete_cart_item" time="3.092"/>
  <testcase classname="Testing_practice.Third_test" name="add" time="11.794"/>
  <testcase classname="Testing_practice.Third_test" name="logout" time="6.187"/>
</testsuite> <!-- Default test -->
