<?xml version="1.0" encoding="UTF-8"?>
<!-- Generated by org.testng.reporters.JUnitXMLReporter -->
<testsuite ignored="2" hostname="QWERTY" failures="0" tests="2" name="RegressionTests" time="19.405" errors="0" timestamp="2026-05-21T16:56:55 IST">
  <testcase classname="Testing_practice.CrossBrowser_Testing" name="edge" time="3.972"/>
  <testcase classname="Testing_practice.CrossBrowser_Testing" name="firefox" time="15.368"/>
  <testcase classname="Testing_practice.CrossBrowser_Testing" name="chrome" time="0.0">
    <ignored/>
  </testcase> <!-- chrome -->
  <testcase classname="Testing_practice.CrossBrowser_Testing" name="chrometest" time="0.0">
    <ignored/>
  </testcase> <!-- chrometest -->
</testsuite> <!-- RegressionTests -->
