<?xml version="1.0" encoding="UTF-8"?>
<!-- Generated by org.testng.reporters.JUnitXMLReporter -->
<testsuite ignored="2" hostname="QWERTY" failures="0" tests="2" name="smokeTests" time="12.564" errors="0" timestamp="2026-05-21T15:42:24 IST">
  <testcase classname="Testing_practice.CrossBrowser_Testing" name="chrome" time="8.564"/>
  <testcase classname="Testing_practice.CrossBrowser_Testing" name="chrometest" time="3.913"/>
  <testcase classname="Testing_practice.CrossBrowser_Testing" name="firefox" time="0.0">
    <ignored/>
  </testcase> <!-- firefox -->
  <testcase classname="Testing_practice.CrossBrowser_Testing" name="edge" time="0.0">
    <ignored/>
  </testcase> <!-- edge -->
</testsuite> <!-- smokeTests -->
